<?xml version="1.0" encoding="UTF-8"?>
<testng-results skipped="0" failed="0" ignored="0" total="2" passed="2">
  <reporter-output>
  </reporter-output>
  <suite name="Suite" duration-ms="94979" started-at="2022-02-20T17:50:48 IST" finished-at="2022-02-20T17:52:23 IST">
    <groups>
    </groups>
    <test name="Sign-Up" duration-ms="44943" started-at="2022-02-20T17:50:48 IST" finished-at="2022-02-20T17:51:33 IST">
      <class name="Authentication_Package.registration">
        <test-method status="PASS" signature="reg()[pri:0, instance:Authentication_Package.registration@26aa12dd]" name="reg" duration-ms="44884" started-at="2022-02-20T17:50:48 IST" finished-at="2022-02-20T17:51:33 IST">
          <reporter-output>
          </reporter-output>
        </test-method> <!-- reg -->
      </class> <!-- Authentication_Package.registration -->
    </test> <!-- Sign-Up -->
    <test name="Sign_In" duration-ms="49987" started-at="2022-02-20T17:51:33 IST" finished-at="2022-02-20T17:52:23 IST">
      <class name="Authentication_Package.login">
        <test-method status="PASS" signature="signin()[pri:0, instance:Authentication_Package.login@7e2d773b]" name="signin" duration-ms="49981" started-at="2022-02-20T17:51:33 IST" finished-at="2022-02-20T17:52:23 IST">
          <reporter-output>
          </reporter-output>
        </test-method> <!-- signin -->
      </class> <!-- Authentication_Package.login -->
    </test> <!-- Sign_In -->
  </suite> <!-- Suite -->
</testng-results>
